<?xml version="1.0" encoding="UTF-8"?>
<!-- Generated by org.testng.reporters.JUnitXMLReporter -->
<testsuite ignored="2" hostname="SKHAREED-LAP" failures="0" tests="1" name="Default test" time="34.099" errors="0" timestamp="2019-10-16T21:58:32 IST">
  <testcase classname="tests.ContactsPageTest" name="createContactTest" time="4.966"/>
  <testcase classname="tests.ContactsPageTest" name="contactsPageTitleTest" time="0.0">
    <ignored/>
  </testcase> <!-- contactsPageTitleTest -->
  <testcase classname="tests.ContactsPageTest" name="contactsPageHeaderTest" time="0.0">
    <ignored/>
  </testcase> <!-- contactsPageHeaderTest -->
</testsuite> <!-- Default test -->
