<?xml version="1.0" encoding="UTF-8"?>
<!-- Generated by org.testng.reporters.JUnitXMLReporter -->
<testsuite ignored="2" hostname="SKHAREED-LAP" failures="0" tests="7" name="Test" time="161.92" errors="0" timestamp="2019-10-17T21:39:51 IST">
  <testcase classname="tests.LoginPageTest" name="loginPageTitleTest" time="2.41"/>
  <testcase classname="tests.LoginPageTest" name="showPswdDispTest" time="1.961"/>
  <testcase classname="tests.LoginPageTest" name="doLoginTest" time="9.281"/>
  <testcase classname="tests.ContactsPageTest" name="createContactTest" time="12.598"/>
  <testcase classname="tests.HomePageTest" name="homePageTitleTest" time="0.038"/>
  <testcase classname="tests.HomePageTest" name="homePageHeaderTest" time="0.213"/>
  <testcase classname="tests.HomePageTest" name="acctHolderNameTest" time="0.212"/>
  <testcase classname="tests.ContactsPageTest" name="contactsPageTitleTest" time="0.0">
    <ignored/>
  </testcase> <!-- contactsPageTitleTest -->
  <testcase classname="tests.ContactsPageTest" name="contactsPageHeaderTest" time="0.0">
    <ignored/>
  </testcase> <!-- contactsPageHeaderTest -->
</testsuite> <!-- Test -->
